<?xml version="1.0" encoding="UTF-8"?>
<testng-results ignored="0" total="12" passed="12" failed="0" skipped="0">
  <reporter-output>
  </reporter-output>
  <suite started-at="2020-06-09T19:49:44 IST" name="Suite" finished-at="2020-06-09T19:51:01 IST" duration-ms="77424">
    <groups>
    </groups>
    <test started-at="2020-06-09T19:49:44 IST" name="Test" finished-at="2020-06-09T19:51:01 IST" duration-ms="77424">
      <class name="FirstMaven.FirstTest">
        <test-method signature="firstprint1()[pri:1, instance:FirstMaven.FirstTest@acb0951]" started-at="2020-06-09T19:49:46 IST" name="firstprint1" finished-at="2020-06-09T19:49:47 IST" duration-ms="771" status="PASS">
          <reporter-output>
          </reporter-output>
        </test-method> <!-- firstprint1 -->
        <test-method signature="openurl1()[pri:3, instance:FirstMaven.FirstTest@acb0951]" started-at="2020-06-09T19:49:47 IST" name="openurl1" finished-at="2020-06-09T19:50:02 IST" duration-ms="15516" status="PASS">
          <reporter-output>
          </reporter-output>
        </test-method> <!-- openurl1 -->
        <test-method signature="firstprint2()[pri:4, instance:FirstMaven.FirstTest@acb0951]" started-at="2020-06-09T19:50:02 IST" name="firstprint2" finished-at="2020-06-09T19:50:02 IST" duration-ms="1" status="PASS">
          <reporter-output>
          </reporter-output>
        </test-method> <!-- firstprint2 -->
        <test-method signature="Screenshot1()[pri:5, instance:FirstMaven.FirstTest@acb0951]" started-at="2020-06-09T19:50:02 IST" name="Screenshot1" finished-at="2020-06-09T19:50:03 IST" duration-ms="953" status="PASS">
          <reporter-output>
          </reporter-output>
        </test-method> <!-- Screenshot1 -->
      </class> <!-- FirstMaven.FirstTest -->
      <class name="FirstMaven.ThirdTest">
        <test-method signature="thirdprint1()[pri:1, instance:FirstMaven.ThirdTest@267f474e]" started-at="2020-06-09T19:50:25 IST" name="thirdprint1" finished-at="2020-06-09T19:50:25 IST" duration-ms="1" status="PASS">
          <reporter-output>
          </reporter-output>
        </test-method> <!-- thirdprint1 -->
        <test-method signature="openurl3()[pri:2, instance:FirstMaven.ThirdTest@267f474e]" started-at="2020-06-09T19:50:25 IST" name="openurl3" finished-at="2020-06-09T19:51:00 IST" duration-ms="34760" status="PASS">
          <reporter-output>
          </reporter-output>
        </test-method> <!-- openurl3 -->
        <test-method signature="Screenshot3()[pri:3, instance:FirstMaven.ThirdTest@267f474e]" started-at="2020-06-09T19:51:00 IST" name="Screenshot3" finished-at="2020-06-09T19:51:01 IST" duration-ms="1123" status="PASS">
          <reporter-output>
          </reporter-output>
        </test-method> <!-- Screenshot3 -->
        <test-method signature="thirdprint2()[pri:4, instance:FirstMaven.ThirdTest@267f474e]" started-at="2020-06-09T19:51:01 IST" name="thirdprint2" finished-at="2020-06-09T19:51:01 IST" duration-ms="1" status="PASS">
          <reporter-output>
          </reporter-output>
        </test-method> <!-- thirdprint2 -->
      </class> <!-- FirstMaven.ThirdTest -->
      <class name="FirstMaven.SecondTest">
        <test-method signature="secondprint1()[pri:1, instance:FirstMaven.SecondTest@5bf22f18]" started-at="2020-06-09T19:50:03 IST" name="secondprint1" finished-at="2020-06-09T19:50:03 IST" duration-ms="1" status="PASS">
          <reporter-output>
          </reporter-output>
        </test-method> <!-- secondprint1 -->
        <test-method signature="openurl2()[pri:2, instance:FirstMaven.SecondTest@5bf22f18]" started-at="2020-06-09T19:50:03 IST" name="openurl2" finished-at="2020-06-09T19:50:24 IST" duration-ms="20825" status="PASS">
          <reporter-output>
          </reporter-output>
        </test-method> <!-- openurl2 -->
        <test-method signature="Screenshot2()[pri:3, instance:FirstMaven.SecondTest@5bf22f18]" started-at="2020-06-09T19:50:24 IST" name="Screenshot2" finished-at="2020-06-09T19:50:25 IST" duration-ms="1102" status="PASS">
          <reporter-output>
          </reporter-output>
        </test-method> <!-- Screenshot2 -->
        <test-method signature="secondprint2()[pri:4, instance:FirstMaven.SecondTest@5bf22f18]" started-at="2020-06-09T19:50:25 IST" name="secondprint2" finished-at="2020-06-09T19:50:25 IST" duration-ms="2" status="PASS">
          <reporter-output>
          </reporter-output>
        </test-method> <!-- secondprint2 -->
      </class> <!-- FirstMaven.SecondTest -->
    </test> <!-- Test -->
  </suite> <!-- Suite -->
</testng-results>
