<?xml version="1.0" encoding="UTF-8"?>
<!-- Generated by org.testng.reporters.JUnitXMLReporter -->
<testsuite ignored="0" hostname="Ashok-PC" failures="0" tests="12" name="Test" time="77.424" errors="0" timestamp="2020-06-09T19:51:07 IST">
  <testcase classname="FirstMaven.FirstTest" name="firstprint1" time="0.771"/>
  <testcase classname="FirstMaven.FirstTest" name="openurl1" time="15.516"/>
  <testcase classname="FirstMaven.FirstTest" name="firstprint2" time="0.001"/>
  <testcase classname="FirstMaven.FirstTest" name="Screenshot1" time="0.953"/>
  <testcase classname="FirstMaven.SecondTest" name="secondprint1" time="0.001"/>
  <testcase classname="FirstMaven.SecondTest" name="openurl2" time="20.825"/>
  <testcase classname="FirstMaven.SecondTest" name="Screenshot2" time="1.102"/>
  <testcase classname="FirstMaven.SecondTest" name="secondprint2" time="0.002"/>
  <testcase classname="FirstMaven.ThirdTest" name="thirdprint1" time="0.001"/>
  <testcase classname="FirstMaven.ThirdTest" name="openurl3" time="34.76"/>
  <testcase classname="FirstMaven.ThirdTest" name="Screenshot3" time="1.123"/>
  <testcase classname="FirstMaven.ThirdTest" name="thirdprint2" time="0.001"/>
</testsuite> <!-- Test -->
